Name                        Stmts   Miss  Cover   Missing
---------------------------------------------------------
src/__init__.py                 0      0   100%
src/hotel_system.py           194     30    85%   21, 94, 118-119, 144, 149, 151, 159, 164-165, 210-211, 224-225, 236, 239, 247, 252-253, 272-273, 288-289, 296-297, 300-304, 317, 352-356
src/models.py                  68     15    78%   42-44, 47-48, 86-88, 133-135, 138-142, 144-148
src/storage.py                 28      1    96%   20
test/test_hotel_system.py     119      1    99%   281
---------------------------------------------------------
TOTAL                         409     47    89%
